<?xml version="1.0" encoding="UTF-8"?>
<!-- Generated by org.testng.reporters.JUnitReportReporter -->
<testsuite hostname="DESKTOP-F6MBNBT" failures="0" tests="2" name="qaclickacademy.Mavenjava.RestAPITest" time="0.073" errors="0" timestamp="2022-07-30T20:12:59 IST" skipped="0">
  <testcase classname="qaclickacademy.Mavenjava.RestAPITest" name="DeleteTwitter" time="0.004"/>
  <system-out/>
  <testcase classname="qaclickacademy.Mavenjava.RestAPITest" name="Debug" time="0.069"/>
  <system-out/>
</testsuite> <!-- qaclickacademy.Mavenjava.RestAPITest -->
