<?xml version="1.0" encoding="UTF-8"?>
<!-- Generated by org.testng.reporters.JUnitReportReporter -->
<testsuite hostname="DESKTOP-F6MBNBT" failures="0" tests="2" name="qaclickacademy.Mavenjava.AppiumTest" time="0.016" errors="0" timestamp="2022-07-30T20:12:59 IST" skipped="0">
  <testcase classname="qaclickacademy.Mavenjava.AppiumTest" name="MobileApp" time="0.010"/>
  <system-out/>
  <testcase classname="qaclickacademy.Mavenjava.AppiumTest" name="UxApp" time="0.006"/>
  <system-out/>
</testsuite> <!-- qaclickacademy.Mavenjava.AppiumTest -->
