<?xml version="1.0" encoding="UTF-8"?>
<!-- Generated by org.testng.reporters.JUnitReportReporter -->
<testsuite skipped="0" hostname="DESKTOP-F6MBNBT" name="qaclickacademy.Mavenjava.RestAPITest" tests="2" failures="0" timestamp="2022-07-30T20:42:33 IST" time="0.036" errors="0">
  <testcase name="DeleteTwitter" time="0.001" classname="qaclickacademy.Mavenjava.RestAPITest"/>
  <system-out/>
  <testcase name="Debug" time="0.035" classname="qaclickacademy.Mavenjava.RestAPITest"/>
  <system-out/>
</testsuite> <!-- qaclickacademy.Mavenjava.RestAPITest -->
