<?xml version="1.0" encoding="UTF-8"?>
<!-- Generated by org.testng.reporters.JUnitReportReporter -->
<testsuite skipped="0" hostname="DESKTOP-F6MBNBT" name="qaclickacademy.Mavenjava.AppiumTest" tests="2" failures="0" timestamp="2022-07-30T20:41:37 IST" time="0.004" errors="0">
  <testcase name="UxApp" time="0.001" classname="qaclickacademy.Mavenjava.AppiumTest"/>
  <system-out/>
  <testcase name="MobileApp" time="0.003" classname="qaclickacademy.Mavenjava.AppiumTest"/>
  <system-out/>
</testsuite> <!-- qaclickacademy.Mavenjava.AppiumTest -->
